  main.cpp
D:\Projects\new pong\main.cpp(111,69): warning C4244: 'argumento': conversión de 'T' a 'float'; posible pérdida de datos
          with
          [
              T=unsigned int
          ]
D:\Projects\new pong\main.cpp(111,45): warning C4244: 'argumento': conversión de 'T' a 'float'; posible pérdida de datos
          with
          [
              T=unsigned int
          ]
D:\Projects\new pong\main.cpp(509,81): warning C4244: 'argumento': conversión de 'T' a 'float'; posible pérdida de datos
          with
          [
              T=unsigned int
          ]
D:\Projects\new pong\main.cpp(509,57): warning C4244: 'argumento': conversión de 'T' a 'float'; posible pérdida de datos
          with
          [
              T=unsigned int
          ]
D:\Projects\new pong\main.cpp(518,81): warning C4244: 'argumento': conversión de 'T' a 'float'; posible pérdida de datos
          with
          [
              T=unsigned int
          ]
D:\Projects\new pong\main.cpp(518,57): warning C4244: 'argumento': conversión de 'T' a 'float'; posible pérdida de datos
          with
          [
              T=unsigned int
          ]
D:\Projects\new pong\main.cpp(528,70): warning C4244: 'argumento': conversión de 'int' a 'float'; posible pérdida de datos
D:\Projects\new pong\main.cpp(528,50): warning C4244: 'argumento': conversión de 'int' a 'float'; posible pérdida de datos
  new pong.vcxproj -> D:\Projects\new pong\x64\Debug\new pong.exe
